<?xml version="1.0" encoding="UTF-8"?>
<!-- Generated by org.testng.reporters.JUnitReportReporter -->
<testsuite hostname="Vaibhav" name="com.viu.test.ViuTest" tests="2" failures="0" timestamp="24 Dec 2016 09:05:14 GMT" time="32.468" errors="0">
  <testcase name="verifyApplicationInstallationSuccessful" time="24.156" classname="com.viu.test.ViuTest"/>
  <testcase name="verifyApplicationUnInstallSuccessful" time="8.312" classname="com.viu.test.ViuTest"/>
</testsuite> <!-- com.viu.test.ViuTest -->
