<?xml version="1.0" encoding="UTF-8"?>
<!-- Generated by org.testng.reporters.JUnitReportReporter -->
<testsuite hostname="Vaibhav" name="com.viu.test.AppSetupTest" tests="2" failures="0" timestamp="25 Dec 2016 08:58:38 GMT" time="26.934" errors="0">
  <testcase name="verifyApplicationUnInstallSuccessful" time="13.453" classname="com.viu.test.AppSetupTest"/>
  <testcase name="verifyApplicationInstallationSuccessful" time="13.481" classname="com.viu.test.AppSetupTest"/>
</testsuite> <!-- com.viu.test.AppSetupTest -->
